# Logfile created on 2015-07-03 22:07:48 +0000 by logger.rb/44203
I, [2015-07-03T22:07:48.222181 #7854]  INFO -- : 0:  RedCloth (4.2.9) from /usr/local/rvm/gems/ruby-2.1.0/specifications/RedCloth-4.2.9.gemspec
I, [2015-07-03T22:07:57.678557 #7854]  INFO -- : 0:  i18n (0.7.0) from /usr/local/rvm/gems/ruby-2.1.0/specifications/i18n-0.7.0.gemspec
I, [2015-07-03T22:08:08.880927 #7854]  INFO -- : 0:  json (1.8.3) from /usr/local/rvm/gems/ruby-2.1.0/specifications/json-1.8.3.gemspec
I, [2015-07-03T22:08:18.299444 #7854]  INFO -- : 0:  minitest (5.7.0) from /usr/local/rvm/gems/ruby-2.1.0/specifications/minitest-5.7.0.gemspec
I, [2015-07-03T22:08:28.297676 #7854]  INFO -- : 0:  thread_safe (0.3.5) from /usr/local/rvm/gems/ruby-2.1.0/specifications/thread_safe-0.3.5.gemspec
I, [2015-07-03T22:08:37.835763 #7854]  INFO -- : 0:  tzinfo (1.2.2) from /usr/local/rvm/gems/ruby-2.1.0/specifications/tzinfo-1.2.2.gemspec
I, [2015-07-03T22:08:47.477374 #7854]  INFO -- : 0:  activesupport (4.2.3) from /usr/local/rvm/gems/ruby-2.1.0/specifications/activesupport-4.2.3.gemspec
I, [2015-07-03T22:08:56.479683 #7854]  INFO -- : 0:  blankslate (2.1.2.4) from /usr/local/rvm/gems/ruby-2.1.0/specifications/blankslate-2.1.2.4.gemspec
I, [2015-07-03T22:09:06.444005 #7854]  INFO -- : 0:  hitimes (1.2.2) from /usr/local/rvm/gems/ruby-2.1.0/specifications/hitimes-1.2.2.gemspec
I, [2015-07-03T22:09:15.608325 #7854]  INFO -- : 0:  timers (4.0.1) from /usr/local/rvm/gems/ruby-2.1.0/specifications/timers-4.0.1.gemspec
I, [2015-07-03T22:09:24.665046 #7854]  INFO -- : 0:  celluloid (0.16.0) from /usr/local/rvm/gems/ruby-2.1.0/specifications/celluloid-0.16.0.gemspec
I, [2015-07-03T22:09:34.780849 #7854]  INFO -- : 0:  fast-stemmer (1.0.2) from /usr/local/rvm/gems/ruby-2.1.0/specifications/fast-stemmer-1.0.2.gemspec
I, [2015-07-03T22:09:44.049132 #7854]  INFO -- : 0:  classifier-reborn (2.0.3) from /usr/local/rvm/gems/ruby-2.1.0/specifications/classifier-reborn-2.0.3.gemspec
I, [2015-07-03T22:09:52.952943 #7854]  INFO -- : 0:  coffee-script-source (1.9.1.1) from /usr/local/rvm/gems/ruby-2.1.0/specifications/coffee-script-source-1.9.1.1.gemspec
I, [2015-07-03T22:10:02.439831 #7854]  INFO -- : 0:  execjs (2.5.2) from /usr/local/rvm/gems/ruby-2.1.0/specifications/execjs-2.5.2.gemspec
I, [2015-07-03T22:10:11.067209 #7854]  INFO -- : 0:  coffee-script (2.4.1) from /usr/local/rvm/gems/ruby-2.1.0/specifications/coffee-script-2.4.1.gemspec
I, [2015-07-03T22:10:19.830646 #7854]  INFO -- : 0:  colorator (0.1) from /usr/local/rvm/gems/ruby-2.1.0/specifications/colorator-0.1.gemspec
I, [2015-07-03T22:10:36.027431 #7854]  INFO -- : 0:  ffi (1.9.10) from /usr/local/rvm/gems/ruby-2.1.0/specifications/ffi-1.9.10.gemspec
I, [2015-07-03T22:11:00.663669 #7854]  INFO -- : 0:  gemoji (2.1.0) from /usr/local/rvm/gems/ruby-2.1.0/specifications/gemoji-2.1.0.gemspec
I, [2015-07-03T22:11:10.301006 #7854]  INFO -- : 0:  net-dns (0.8.0) from /usr/local/rvm/gems/ruby-2.1.0/specifications/net-dns-0.8.0.gemspec
I, [2015-07-03T22:11:20.255648 #7854]  INFO -- : 0:  public_suffix (1.5.1) from /usr/local/rvm/gems/ruby-2.1.0/specifications/public_suffix-1.5.1.gemspec
I, [2015-07-03T22:11:29.300381 #7854]  INFO -- : 0:  github-pages-health-check (0.3.1) from /usr/local/rvm/gems/ruby-2.1.0/specifications/github-pages-health-check-0.3.1.gemspec
I, [2015-07-03T22:11:38.517738 #7854]  INFO -- : 0:  jekyll-coffeescript (1.0.1) from /usr/local/rvm/gems/ruby-2.1.0/specifications/jekyll-coffeescript-1.0.1.gemspec
I, [2015-07-03T22:11:48.909287 #7854]  INFO -- : 0:  jekyll-gist (1.2.1) from /usr/local/rvm/gems/ruby-2.1.0/specifications/jekyll-gist-1.2.1.gemspec
I, [2015-07-03T22:11:57.630896 #7854]  INFO -- : 0:  jekyll-paginate (1.1.0) from /usr/local/rvm/gems/ruby-2.1.0/specifications/jekyll-paginate-1.1.0.gemspec
I, [2015-07-03T22:12:09.065301 #7854]  INFO -- : 0:  sass (3.4.15) from /usr/local/rvm/gems/ruby-2.1.0/specifications/sass-3.4.15.gemspec
I, [2015-07-03T22:12:18.188529 #7854]  INFO -- : 0:  jekyll-sass-converter (1.2.0) from /usr/local/rvm/gems/ruby-2.1.0/specifications/jekyll-sass-converter-1.2.0.gemspec
I, [2015-07-03T22:12:27.849846 #7854]  INFO -- : 0:  rb-fsevent (0.9.5) from /usr/local/rvm/gems/ruby-2.1.0/specifications/rb-fsevent-0.9.5.gemspec
I, [2015-07-03T22:12:39.002976 #7854]  INFO -- : 0:  rb-inotify (0.9.5) from /usr/local/rvm/gems/ruby-2.1.0/specifications/rb-inotify-0.9.5.gemspec
I, [2015-07-03T22:12:48.564941 #7854]  INFO -- : 0:  listen (2.10.1) from /usr/local/rvm/gems/ruby-2.1.0/specifications/listen-2.10.1.gemspec
I, [2015-07-03T22:12:57.626201 #7854]  INFO -- : 0:  jekyll-watch (1.2.1) from /usr/local/rvm/gems/ruby-2.1.0/specifications/jekyll-watch-1.2.1.gemspec
I, [2015-07-03T22:13:07.023502 #7854]  INFO -- : 0:  kramdown (1.5.0) from /usr/local/rvm/gems/ruby-2.1.0/specifications/kramdown-1.5.0.gemspec
I, [2015-07-03T22:13:16.133820 #7854]  INFO -- : 0:  liquid (2.6.2) from /usr/local/rvm/gems/ruby-2.1.0/specifications/liquid-2.6.2.gemspec
I, [2015-07-03T22:13:25.134542 #7854]  INFO -- : 0:  mercenary (0.3.5) from /usr/local/rvm/gems/ruby-2.1.0/specifications/mercenary-0.3.5.gemspec
I, [2015-07-03T22:13:34.740386 #7854]  INFO -- : 0:  posix-spawn (0.3.11) from /usr/local/rvm/gems/ruby-2.1.0/specifications/posix-spawn-0.3.11.gemspec
I, [2015-07-03T22:13:45.808376 #7854]  INFO -- : 0:  yajl-ruby (1.2.1) from /usr/local/rvm/gems/ruby-2.1.0/specifications/yajl-ruby-1.2.1.gemspec
I, [2015-07-03T22:13:57.432804 #7854]  INFO -- : 0:  pygments.rb (0.6.3) from /usr/local/rvm/gems/ruby-2.1.0/specifications/pygments.rb-0.6.3.gemspec
I, [2015-07-03T22:14:08.941771 #7854]  INFO -- : 0:  redcarpet (3.3.1) from /usr/local/rvm/gems/ruby-2.1.0/specifications/redcarpet-3.3.1.gemspec
I, [2015-07-03T22:14:18.331583 #7854]  INFO -- : 0:  safe_yaml (1.0.4) from /usr/local/rvm/gems/ruby-2.1.0/specifications/safe_yaml-1.0.4.gemspec
I, [2015-07-03T22:14:27.825002 #7854]  INFO -- : 0:  parslet (1.5.0) from /usr/local/rvm/gems/ruby-2.1.0/specifications/parslet-1.5.0.gemspec
I, [2015-07-03T22:14:37.296960 #7854]  INFO -- : 0:  toml (0.1.2) from /usr/local/rvm/gems/ruby-2.1.0/specifications/toml-0.1.2.gemspec
I, [2015-07-03T22:14:46.874231 #7854]  INFO -- : 0:  jekyll (2.4.0) from /usr/local/rvm/gems/ruby-2.1.0/specifications/jekyll-2.4.0.gemspec
I, [2015-07-03T22:14:56.535285 #7854]  INFO -- : 0:  jekyll-feed (0.3.0) from /usr/local/rvm/gems/ruby-2.1.0/specifications/jekyll-feed-0.3.0.gemspec
I, [2015-07-03T22:15:05.746044 #7854]  INFO -- : 0:  mini_portile (0.6.2) from /usr/local/rvm/gems/ruby-2.1.0/specifications/mini_portile-0.6.2.gemspec
I, [2015-07-03T22:16:19.049588 #7854]  INFO -- : 0:  nokogiri (1.6.6.2) from /usr/local/rvm/gems/ruby-2.1.0/specifications/nokogiri-1.6.6.2.gemspec
I, [2015-07-03T22:16:27.932485 #7854]  INFO -- : 0:  html-pipeline (1.9.0) from /usr/local/rvm/gems/ruby-2.1.0/specifications/html-pipeline-1.9.0.gemspec
I, [2015-07-03T22:16:36.617744 #7854]  INFO -- : 0:  jekyll-mentions (0.2.1) from /usr/local/rvm/gems/ruby-2.1.0/specifications/jekyll-mentions-0.2.1.gemspec
I, [2015-07-03T22:16:45.389604 #7854]  INFO -- : 0:  jekyll-redirect-from (0.8.0) from /usr/local/rvm/gems/ruby-2.1.0/specifications/jekyll-redirect-from-0.8.0.gemspec
I, [2015-07-03T22:16:54.230169 #7854]  INFO -- : 0:  jekyll-sitemap (0.8.1) from /usr/local/rvm/gems/ruby-2.1.0/specifications/jekyll-sitemap-0.8.1.gemspec
I, [2015-07-03T22:17:02.926956 #7854]  INFO -- : 0:  jemoji (0.4.0) from /usr/local/rvm/gems/ruby-2.1.0/specifications/jemoji-0.4.0.gemspec
I, [2015-07-03T22:17:11.955151 #7854]  INFO -- : 0:  maruku (0.7.0) from /usr/local/rvm/gems/ruby-2.1.0/specifications/maruku-0.7.0.gemspec
I, [2015-07-03T22:17:24.008219 #7854]  INFO -- : 0:  rdiscount (2.1.7) from /usr/local/rvm/gems/ruby-2.1.0/specifications/rdiscount-2.1.7.gemspec
I, [2015-07-03T22:17:32.781645 #7854]  INFO -- : 0:  terminal-table (1.5.2) from /usr/local/rvm/gems/ruby-2.1.0/specifications/terminal-table-1.5.2.gemspec
I, [2015-07-03T22:17:41.381077 #7854]  INFO -- : 0:  github-pages (38) from /usr/local/rvm/gems/ruby-2.1.0/specifications/github-pages-38.gemspec
I, [2015-07-03T22:17:41.381419 #7854]  INFO -- : 0:  bundler (1.5.0) from /usr/local/rvm/gems/ruby-2.1.0@global/specifications/bundler-1.5.0.gemspec
